<?xml version="1.0" encoding="UTF-8"?>
<testsuite xmlns:xsi="http://www.w3.org/2001/XMLSchema-instance" xsi:noNamespaceSchemaLocation="https://maven.apache.org/surefire/maven-surefire-plugin/xsd/surefire-test-report.xsd" version="3.0.1" name="runners.TestRunner" time="2.859" tests="2" errors="0" skipped="0" failures="0">
  <properties>
[...]
</properties>
  <testcase name="Verify GET request" classname="API Testing with RestAssured" time="2.206">
    <system-out><![CDATA[
Scenario: Verify GET request                                                   &amp#27;[90m# src/test/java/features/api.feature:3&amp#27;[0m
  &amp#27;[32mGiven &amp#27;[0m&amp#27;[32mI send a GET request to &amp#27;[0m&amp#27;[32m&amp#27;[1m"https://jsonplaceholder.typicode.com/posts/1"&amp#27;[0m &amp#27;[90m# stepDefinitions.APISteps.i_send_a_get_request(java.lang.String)&amp#27;[0m
  &amp#27;[32mThen &amp#27;[0m&amp#27;[32mthe response status code should be &amp#27;[0m&amp#27;[32m&amp#27;[1m200&amp#27;[0m                                  &amp#27;[90m# stepDefinitions.APISteps.the_response_status_code_should_be(java.lang.Integer)&amp#27;[0m
]]></system-out>
  </testcase>
  <testcase name="Verify POST request" classname="API Testing with RestAssured" time="0.444">
    <system-out><![CDATA[
Scenario: Verify POST request                                                            &amp#27;[90m# src/test/java/features/api.feature:6&amp#27;[0m
  &amp#27;[32mGiven &amp#27;[0m&amp#27;[32mI send a POST request to &amp#27;[0m&amp#27;[32m&amp#27;[1m"https://jsonplaceholder.typicode.com/posts"&amp#27;[0m&amp#27;[32m with body:&amp#27;[0m &amp#27;[90m# stepDefinitions.APISteps.i_send_a_post_request(java.lang.String,java.lang.String)&amp#27;[0m
  &amp#27;[32mThen &amp#27;[0m&amp#27;[32mthe response status code should be &amp#27;[0m&amp#27;[32m&amp#27;[1m201&amp#27;[0m                                            &amp#27;[90m# stepDefinitions.APISteps.the_response_status_code_should_be(java.lang.Integer)&amp#27;[0m
]]></system-out>
  </testcase>
</testsuite>